<?xml version="1.0" encoding="UTF-8"?>
<!-- Generated by org.testng.reporters.JUnitReportReporter -->
<testsuite hostname="MacBook-Air-Piotr.local" failures="0" tests="1" name="SeleniumTest" time="4.504" errors="0" timestamp="2023-01-16T20:43:48 CET" skipped="0">
  <testcase classname="SeleniumTest" name="openGooglePage" time="4.504"/>
  <system-out/>
</testsuite> <!-- SeleniumTest -->
